<?xml version="1.0" encoding="UTF-8"?>
<testng-results ignored="0" total="1" passed="1" failed="0" skipped="0">
  <reporter-output>
  </reporter-output>
  <suite started-at="2024-01-24T19:20:22 CST" name="Default suite" finished-at="2024-01-24T19:20:40 CST" duration-ms="17564">
    <groups>
    </groups>
    <test started-at="2024-01-24T19:20:22 CST" name="Default test" finished-at="2024-01-24T19:20:40 CST" duration-ms="17564">
      <class name="prueba.pruebaTest">
        <test-method signature="f()[pri:0, instance:prueba.pruebaTest@4738a206]" started-at="2024-01-24T19:20:22 CST" name="f" finished-at="2024-01-24T19:20:40 CST" duration-ms="17532" status="PASS">
          <reporter-output>
          </reporter-output>
        </test-method> <!-- f -->
      </class> <!-- prueba.pruebaTest -->
    </test> <!-- Default test -->
  </suite> <!-- Default suite -->
</testng-results>
