<?xml version="1.0" encoding="UTF-8"?>
<testng-results ignored="0" total="1" passed="1" failed="0" skipped="0">
  <reporter-output>
  </reporter-output>
  <suite started-at="2024-02-17T19:29:55 CST" name="Default suite" finished-at="2024-02-17T19:30:00 CST" duration-ms="5125">
    <groups>
    </groups>
    <test started-at="2024-02-17T19:29:55 CST" name="Default test" finished-at="2024-02-17T19:30:00 CST" duration-ms="5125">
      <class name="LoginTestCases.TC03">
        <test-method is-config="true" signature="startWebDriver()[pri:0, instance:LoginTestCases.TC03@256a1825]" started-at="2024-02-17T19:29:55 CST" name="startWebDriver" finished-at="2024-02-17T19:29:57 CST" duration-ms="2108" status="PASS">
          <reporter-output>
          </reporter-output>
        </test-method> <!-- startWebDriver -->
        <test-method signature="TC03_Verify()[pri:0, instance:LoginTestCases.TC03@256a1825]" started-at="2024-02-17T19:29:57 CST" name="TC03_Verify" finished-at="2024-02-17T19:30:00 CST" duration-ms="2857" status="PASS">
          <reporter-output>
          </reporter-output>
        </test-method> <!-- TC03_Verify -->
        <test-method is-config="true" signature="closeDriver()[pri:0, instance:LoginTestCases.TC03@256a1825]" started-at="2024-02-17T19:30:00 CST" name="closeDriver" finished-at="2024-02-17T19:30:00 CST" duration-ms="124" status="PASS">
          <reporter-output>
          </reporter-output>
        </test-method> <!-- closeDriver -->
      </class> <!-- LoginTestCases.TC03 -->
    </test> <!-- Default test -->
  </suite> <!-- Default suite -->
</testng-results>
